error: 2022-11-12 21:06:24 => Redis: connection error "localhost,:6380" getaddrinfo ENOTFOUND localhost,
error: 2022-11-12 21:06:24 => Redis: connection error "localhost,:6380" getaddrinfo ENOTFOUND localhost,
error: 2022-11-12 21:06:24 => Redis: connection error "localhost,:6380" getaddrinfo ENOTFOUND localhost,
error: 2022-11-12 21:06:24 => Redis: connection error "localhost,:6380" getaddrinfo ENOTFOUND localhost,
error: 2022-11-12 21:06:24 => Redis: connection error "localhost,:6380" getaddrinfo ENOTFOUND localhost,
error: 2022-11-12 21:06:25 => Redis: connection error "localhost,:6380" getaddrinfo ENOTFOUND localhost,
error: 2022-11-12 21:06:25 => Redis: connection error "localhost,:6380" getaddrinfo ENOTFOUND localhost,
error: 2022-11-12 21:06:25 => Redis: connection error "localhost,:6380" getaddrinfo ENOTFOUND localhost,
error: 2022-11-12 21:06:26 => Redis: connection error "localhost,:6380" getaddrinfo ENOTFOUND localhost,
error: 2022-11-12 21:06:26 => Redis: connection error "localhost,:6380" getaddrinfo ENOTFOUND localhost,
error: 2022-11-12 21:06:27 => Redis: connection error "localhost,:6380" getaddrinfo ENOTFOUND localhost,
error: 2022-11-12 21:06:27 => Redis: connection error "localhost,:6380" getaddrinfo ENOTFOUND localhost,
error: 2022-11-12 21:06:28 => Redis: connection error "localhost,:6380" getaddrinfo ENOTFOUND localhost,
error: 2022-11-12 21:06:29 => Redis: connection error "localhost,:6380" getaddrinfo ENOTFOUND localhost,
error: 2022-11-12 21:06:29 => Redis: connection error "localhost,:6380" getaddrinfo ENOTFOUND localhost,
error: 2022-11-12 21:06:30 => Redis: connection error "localhost,:6380" getaddrinfo ENOTFOUND localhost,
error: 2022-11-12 21:06:31 => Redis: connection error "localhost,:6380" getaddrinfo ENOTFOUND localhost,
error: 2022-11-12 21:06:32 => Redis: connection error "localhost,:6380" getaddrinfo ENOTFOUND localhost,
error: 2022-11-12 21:06:33 => Redis: connection error "localhost,:6380" getaddrinfo ENOTFOUND localhost,
error: 2022-11-12 21:06:34 => Redis: connection error "localhost,:6380" getaddrinfo ENOTFOUND localhost,
error: 2022-11-12 21:06:35 => Redis: connection error "localhost,:6380" getaddrinfo ENOTFOUND localhost,
error: 2022-11-12 21:06:36 => Redis: connection error "localhost,:6380" getaddrinfo ENOTFOUND localhost,
error: 2022-11-12 21:06:37 => Redis: connection error "localhost,:6380" getaddrinfo ENOTFOUND localhost,
error: 2022-11-12 21:06:38 => Redis: connection error "localhost,:6380" getaddrinfo ENOTFOUND localhost,
error: 2022-11-12 21:06:39 => Redis: connection error "localhost,:6380" getaddrinfo ENOTFOUND localhost,
error: 2022-11-12 21:06:40 => Redis: connection error "localhost,:6380" getaddrinfo ENOTFOUND localhost,
error: 2022-11-12 21:06:42 => Redis: connection error "localhost,:6380" getaddrinfo ENOTFOUND localhost,
error: 2022-11-12 21:06:43 => Redis: connection error "localhost,:6380" getaddrinfo ENOTFOUND localhost,
error: 2022-11-12 21:06:44 => Redis: connection error "localhost,:6380" getaddrinfo ENOTFOUND localhost,
error: 2022-11-12 21:06:46 => Redis: connection error "localhost,:6380" getaddrinfo ENOTFOUND localhost,
error: 2022-11-12 21:06:47 => Redis: connection error "localhost,:6380" getaddrinfo ENOTFOUND localhost,
error: 2022-11-12 21:06:49 => Redis: connection error "localhost,:6380" getaddrinfo ENOTFOUND localhost,
error: 2022-11-12 21:06:51 => Redis: connection error "localhost,:6380" getaddrinfo ENOTFOUND localhost,
error: 2022-11-12 21:06:52 => Redis: connection error "localhost,:6380" getaddrinfo ENOTFOUND localhost,
error: 2022-11-12 21:06:54 => Redis: connection error "localhost,:6380" getaddrinfo ENOTFOUND localhost,
error: 2022-11-12 21:06:56 => Redis: connection error "localhost,:6380" getaddrinfo ENOTFOUND localhost,
error: 2022-11-12 21:06:57 => Redis: connection error "localhost,:6380" getaddrinfo ENOTFOUND localhost,
error: 2022-11-12 21:06:59 => Redis: connection error "localhost,:6380" getaddrinfo ENOTFOUND localhost,
error: 2022-11-12 21:07:01 => Redis: connection error "localhost,:6380" getaddrinfo ENOTFOUND localhost,
error: 2022-11-12 21:07:03 => Redis: connection error "localhost,:6380" getaddrinfo ENOTFOUND localhost,
error: 2022-11-12 21:07:05 => Redis: connection error "localhost,:6380" getaddrinfo ENOTFOUND localhost,
error: 2022-11-12 21:07:07 => Redis: connection error "localhost,:6380" getaddrinfo ENOTFOUND localhost,
error: 2022-11-12 21:07:09 => Redis: connection error "localhost,:6380" getaddrinfo ENOTFOUND localhost,
error: 2022-11-12 21:07:11 => Redis: connection error "localhost,:6380" getaddrinfo ENOTFOUND localhost,
error: 2022-11-12 21:07:13 => Redis: connection error "localhost,:6380" getaddrinfo ENOTFOUND localhost,
error: 2022-11-12 21:07:15 => Redis: connection error "localhost,:6380" getaddrinfo ENOTFOUND localhost,
error: 2022-11-12 21:07:17 => Redis: connection error "localhost,:6380" getaddrinfo ENOTFOUND localhost,
error: 2022-11-12 21:07:19 => Redis: connection error "localhost,:6380" getaddrinfo ENOTFOUND localhost,
error: 2022-11-12 21:07:21 => Redis: connection error "localhost,:6380" getaddrinfo ENOTFOUND localhost,
error: 2022-11-12 21:07:23 => Redis: connection error "localhost,:6380" getaddrinfo ENOTFOUND localhost,
error: 2022-11-12 21:07:25 => Redis: connection error "localhost,:6380" getaddrinfo ENOTFOUND localhost,
error: 2022-11-12 21:07:27 => Redis: connection error "localhost,:6380" getaddrinfo ENOTFOUND localhost,
error: 2022-11-12 21:07:29 => Redis: connection error "localhost,:6380" getaddrinfo ENOTFOUND localhost,
error: 2022-11-12 21:07:31 => Redis: connection error "localhost,:6380" getaddrinfo ENOTFOUND localhost,
error: 2022-11-12 21:07:33 => Redis: connection error "localhost,:6380" getaddrinfo ENOTFOUND localhost,
error: 2022-11-12 21:07:33 => Redis: connection error "localhost,:6380" getaddrinfo ENOTFOUND localhost,
error: 2022-11-12 21:07:33 => Redis: connection error "localhost,:6380" getaddrinfo ENOTFOUND localhost,
error: 2022-11-12 21:07:33 => Redis: connection error "localhost,:6380" getaddrinfo ENOTFOUND localhost,
error: 2022-11-12 21:07:34 => Redis: connection error "localhost,:6380" getaddrinfo ENOTFOUND localhost,
error: 2022-11-12 21:07:34 => Redis: connection error "localhost,:6380" getaddrinfo ENOTFOUND localhost,
error: 2022-11-12 21:07:34 => Redis: connection error "localhost,:6380" getaddrinfo ENOTFOUND localhost,
error: 2022-11-12 21:07:35 => Redis: connection error "localhost,:6380" getaddrinfo ENOTFOUND localhost,
error: 2022-11-12 21:07:35 => Redis: connection error "localhost,:6380" getaddrinfo ENOTFOUND localhost,
error: 2022-11-12 21:07:35 => Redis: connection error "localhost,:6380" getaddrinfo ENOTFOUND localhost,
error: 2022-11-12 21:07:36 => Redis: connection error "localhost,:6380" getaddrinfo ENOTFOUND localhost,
error: 2022-11-12 21:07:36 => Redis: connection error "localhost,:6380" getaddrinfo ENOTFOUND localhost,
error: 2022-11-12 21:07:37 => Redis: connection error "localhost,:6380" getaddrinfo ENOTFOUND localhost,
error: 2022-11-12 21:07:38 => Redis: connection error "localhost,:6380" getaddrinfo ENOTFOUND localhost,
error: 2022-11-12 21:07:38 => Redis: connection error "localhost,:6380" getaddrinfo ENOTFOUND localhost,
error: 2022-11-12 21:07:39 => Redis: connection error "localhost,:6380" getaddrinfo ENOTFOUND localhost,
error: 2022-11-12 21:07:40 => Redis: connection error "localhost,:6380" getaddrinfo ENOTFOUND localhost,
error: 2022-11-12 21:07:41 => Redis: connection error "localhost,:6380" getaddrinfo ENOTFOUND localhost,
error: 2022-11-12 21:07:42 => Redis: connection error "localhost,:6380" getaddrinfo ENOTFOUND localhost,
error: 2022-11-12 21:07:43 => Redis: connection error "localhost,:6380" getaddrinfo ENOTFOUND localhost,
error: 2022-11-12 21:07:44 => Redis: connection error "localhost,:6380" getaddrinfo ENOTFOUND localhost,
error: 2022-11-12 21:07:45 => Redis: connection error "localhost,:6380" getaddrinfo ENOTFOUND localhost,
error: 2022-11-12 21:07:46 => Redis: connection error "localhost,:6380" getaddrinfo ENOTFOUND localhost,
error: 2022-11-12 21:07:47 => Redis: connection error "localhost,:6380" getaddrinfo ENOTFOUND localhost,
error: 2022-11-12 21:07:48 => Redis: connection error "localhost,:6380" getaddrinfo ENOTFOUND localhost,
error: 2022-11-12 21:07:50 => Redis: connection error "localhost,:6380" getaddrinfo ENOTFOUND localhost,
error: 2022-11-12 21:07:51 => Redis: connection error "localhost,:6380" getaddrinfo ENOTFOUND localhost,
error: 2022-11-12 21:07:52 => Redis: connection error "localhost,:6380" getaddrinfo ENOTFOUND localhost,
error: 2022-11-13 12:35:35 => Http Error Handler: connect ECONNREFUSED ::1:3306
error: 2022-11-13 15:21:11 => Http Error Handler: select `id`, `username`, `password`, `age`, `email`, `profile_img_url` from `users` inner join `user_subscribers` on `users`.`id` = `user_subscribers`.`userId` or `users`.`id` = `user_subscribers`.`subscriberId` where `username` = 'tigran' limit 1 - Column 'id' in field list is ambiguous
error: 2022-11-13 15:38:54 => Http Error Handler: Cannot read properties of undefined (reading 'select')
error: 2022-11-13 15:39:11 => Http Error Handler: The "listener" argument must be of type function. Received type string ('=')
error: 2022-11-13 15:39:26 => Http Error Handler: The "listener" argument must be of type function. Received type string ('=')
error: 2022-11-13 15:40:10 => Http Error Handler: select `users`.`id`, `users`.`username`, `users`.`email`, `users`.`profile_img_url` from `user_subscribers` left join `users` on `user_subscribers`.`userId` = `users`.`id` or `users`.`userId` = `user_subscribers`.`id` where (`user_subscribers`.`userId` = 1 or (`user_subscribers`.`subscriberId` = 1)) and `users`.`id` <> 1 - Unknown column 'users.userId' in 'on clause'
error: 2022-11-14 20:09:10 => MongoDb: disconnected mongodb://localhost:27017
error: 2022-11-14 20:10:47 => MongoDb: disconnected mongodb://localhost:27017/messenger
