info: 2022-11-12 22:11:50 => Socket server running successfully !
info: 2022-11-12 22:15:18 => Socket server running successfully !
info: 2022-11-12 22:17:14 => Socket server running successfully !
info: 2022-11-12 22:17:23 => Socket server running successfully !
info: 2022-11-12 22:17:28 => Socket server running successfully !
info: 2022-11-12 22:19:01 => Socket server running successfully !
info: 2022-11-12 22:19:31 => Socket server running successfully !
info: 2022-11-12 22:23:04 => Socket server running successfully !
info: 2022-11-12 22:23:37 => Socket server running successfully !
info: 2022-11-12 22:23:52 => Socket server running successfully !
info: 2022-11-12 22:24:10 => Socket server running successfully !
info: 2022-11-12 22:24:24 => Socket server running successfully !
info: 2022-11-12 22:24:40 => Socket server running successfully !
info: 2022-11-12 22:24:52 => Socket server running successfully !
info: 2022-11-12 22:26:37 => Socket server running successfully !
info: 2022-11-12 22:26:53 => Socket server running successfully !
info: 2022-11-12 22:27:05 => Socket server running successfully !
info: 2022-11-12 22:27:22 => Socket server running successfully !
info: 2022-11-12 22:34:12 => Socket server running successfully !
info: 2022-11-12 22:34:31 => Socket server running successfully !
info: 2022-11-12 22:34:55 => Socket server running successfully !
info: 2022-11-12 22:34:58 => Socket server running successfully !
info: 2022-11-12 22:35:24 => Socket server running successfully !
info: 2022-11-12 22:38:35 => Socket server running successfully !
info: 2022-11-12 22:39:05 => Socket server running successfully !
info: 2022-11-12 22:39:43 => Socket server running successfully !
info: 2022-11-12 22:40:42 => Socket server running successfully !
info: 2022-11-12 22:40:48 => Socket server running successfully !
info: 2022-11-12 22:41:57 => Socket server running successfully !
info: 2022-11-12 22:42:41 => Socket server running successfully !
info: 2022-11-12 22:43:44 => Socket server running successfully !
info: 2022-11-12 22:45:35 => Socket server running successfully !
info: 2022-11-12 22:47:53 => Socket server running successfully !
info: 2022-11-12 22:48:15 => Socket server running successfully !
info: 2022-11-12 22:49:50 => Socket server running successfully !
info: 2022-11-12 22:50:06 => Socket server running successfully !
info: 2022-11-12 22:50:52 => Socket server running successfully !
info: 2022-11-12 22:51:27 => Socket server running successfully !
info: 2022-11-12 22:51:39 => Socket server running successfully !
info: 2022-11-12 22:51:49 => Socket server running successfully !
info: 2022-11-12 22:51:59 => Socket server running successfully !
info: 2022-11-12 22:52:29 => Socket server running successfully !
info: 2022-11-12 22:53:13 => Socket server running successfully !
info: 2022-11-12 22:53:21 => Socket server running successfully !
info: 2022-11-12 23:02:04 => Socket server running successfully !
info: 2022-11-12 23:02:09 => Socket server running successfully !
info: 2022-11-12 23:02:21 => Socket server running successfully !
info: 2022-11-12 23:04:32 => Socket server running successfully !
info: 2022-11-12 23:05:25 => Socket server running successfully !
info: 2022-11-12 23:06:03 => Socket server running successfully !
info: 2022-11-12 23:06:17 => Socket server running successfully !
info: 2022-11-12 23:07:01 => Socket server running successfully !
info: 2022-11-12 23:07:59 => Socket server running successfully !
info: 2022-11-13 10:37:04 => Socket server running successfully !
info: 2022-11-13 10:38:38 => Socket server running successfully !
info: 2022-11-13 10:51:45 => Socket server running successfully !
info: 2022-11-13 11:08:48 => Socket server running successfully !
info: 2022-11-13 11:27:32 => Socket server running successfully !
info: 2022-11-13 11:46:01 => Socket server running successfully !
info: 2022-11-13 11:47:58 => Socket server running successfully !
info: 2022-11-13 11:49:16 => Socket server running successfully !
info: 2022-11-13 11:49:20 => Socket server running successfully !
info: 2022-11-13 11:49:25 => Socket server running successfully !
info: 2022-11-13 12:29:21 => Socket server running successfully !
info: 2022-11-13 12:29:30 => Socket server running successfully !
info: 2022-11-13 12:31:41 => Socket server running successfully !
info: 2022-11-13 12:34:10 => 'Socket server running successfully PORT:3334'
info: 2022-11-13 12:34:17 => 'Socket server running successfully PORT:3334'
info: 2022-11-13 12:37:11 => 'Socket server running successfully PORT:3334'
info: 2022-11-13 12:38:20 => 'Socket server running successfully PORT:3334'
info: 2022-11-13 12:48:11 => 'Socket server running successfully PORT:3334'
info: 2022-11-13 12:55:35 => 'Socket server running successfully PORT:3334'
info: 2022-11-13 12:59:00 => 'Socket server running successfully PORT:3334'
info: 2022-11-13 12:59:24 => 'Socket server running successfully PORT:3334'
info: 2022-11-13 13:37:16 => 'Socket server running successfully PORT:3334'
info: 2022-11-13 13:37:21 => 'Socket server running successfully PORT:3334'
info: 2022-11-13 13:37:25 => 'Socket server running successfully PORT:3334'
info: 2022-11-13 13:38:22 => 'Socket server running successfully PORT:3334'
info: 2022-11-13 13:38:49 => 'Socket server running successfully PORT:3334'
info: 2022-11-13 13:40:52 => 'Socket server running successfully PORT:3334'
info: 2022-11-13 13:40:56 => 'Socket server running successfully PORT:3334'
info: 2022-11-13 13:41:39 => 'Socket server running successfully PORT:3334'
info: 2022-11-13 13:41:51 => 'Socket server running successfully PORT:3334'
info: 2022-11-13 13:42:08 => 'Socket server running successfully PORT:3334'
info: 2022-11-13 13:43:58 => 'Socket server running successfully PORT:3334'
info: 2022-11-13 13:44:08 => 'Socket server running successfully PORT:3334'
info: 2022-11-13 13:45:03 => 'Socket server running successfully PORT:3334'
info: 2022-11-13 13:46:22 => 'Socket server running successfully PORT:3334'
info: 2022-11-13 13:48:21 => 'Socket server running successfully PORT:3334'
info: 2022-11-13 14:57:43 => 'Socket server running successfully PORT:3334'
info: 2022-11-13 15:00:02 => 'Socket server running successfully PORT:3334'
info: 2022-11-13 15:00:40 => 'Socket server running successfully PORT:3334'
info: 2022-11-13 15:01:41 => 'Socket server running successfully PORT:3334'
info: 2022-11-13 16:06:23 => 'Socket server running successfully PORT:3334'
info: 2022-11-13 16:06:53 => 'Socket server running successfully PORT:3334'
info: 2022-11-13 16:20:55 => 'Socket server running successfully PORT:3334'
info: 2022-11-13 16:23:44 => 'Socket server running successfully PORT:3334'
info: 2022-11-13 16:24:42 => 'Socket server running successfully PORT:3334'
info: 2022-11-13 16:24:54 => 'Socket server running successfully PORT:3334'
info: 2022-11-13 16:25:14 => 'Socket server running successfully PORT:3334'
info: 2022-11-13 16:25:57 => 'Socket server running successfully PORT:3334'
info: 2022-11-13 16:26:32 => 'Socket server running successfully PORT:3334'
info: 2022-11-13 16:26:51 => 'Socket server running successfully PORT:3334'
info: 2022-11-13 16:27:36 => 'Socket server running successfully PORT:3334'
info: 2022-11-13 16:27:53 => 'Socket server running successfully PORT:3334'
info: 2022-11-13 16:28:07 => 'Socket server running successfully PORT:3334'
info: 2022-11-13 16:28:12 => 'Socket server running successfully PORT:3334'
info: 2022-11-13 16:29:03 => 'Socket server running successfully PORT:3334'
info: 2022-11-13 16:29:15 => 'Socket server running successfully PORT:3334'
info: 2022-11-13 16:29:36 => 'Socket server running successfully PORT:3334'
info: 2022-11-13 16:30:06 => 'Socket server running successfully PORT:3334'
info: 2022-11-13 16:30:32 => 'Socket server running successfully PORT:3334'
info: 2022-11-13 16:30:46 => 'Socket server running successfully PORT:3334'
info: 2022-11-13 16:30:55 => 'Socket server running successfully PORT:3334'
info: 2022-11-13 16:30:58 => 'Socket server running successfully PORT:3334'
info: 2022-11-13 16:31:02 => 'Socket server running successfully PORT:3334'
info: 2022-11-13 16:32:39 => 'Socket server running successfully PORT:3334'
info: 2022-11-13 16:34:32 => 'Socket server running successfully PORT:3334'
info: 2022-11-13 16:36:19 => 'Socket server running successfully PORT:3334'
info: 2022-11-13 16:36:59 => 'Socket server running successfully PORT:3334'
info: 2022-11-13 16:48:27 => 'Socket server running successfully PORT:3334'
info: 2022-11-13 16:49:48 => 'Socket server running successfully PORT:3334'
info: 2022-11-13 16:52:11 => 'Socket server running successfully PORT:3334'
info: 2022-11-13 16:55:00 => 'Socket server running successfully PORT:3334'
info: 2022-11-13 16:55:51 => 'Socket server running successfully PORT:3334'
info: 2022-11-13 16:56:01 => 'Socket server running successfully PORT:3334'
info: 2022-11-13 16:57:27 => 'Socket server running successfully PORT:3334'
info: 2022-11-13 16:59:37 => 'Socket server running successfully PORT:3334'
info: 2022-11-13 17:00:24 => 'Socket server running successfully PORT:3334'
info: 2022-11-13 17:01:04 => 'Socket server running successfully PORT:3334'
info: 2022-11-13 17:03:16 => 'Socket server running successfully PORT:3334'
info: 2022-11-13 17:03:59 => 'Socket server running successfully PORT:3334'
info: 2022-11-13 17:04:43 => 'Socket server running successfully PORT:3334'
info: 2022-11-13 17:05:42 => 'Socket server running successfully PORT:3334'
info: 2022-11-13 17:06:26 => 'Socket server running successfully PORT:3334'
info: 2022-11-13 17:07:36 => 'Socket server running successfully PORT:3334'
info: 2022-11-13 17:10:08 => Redis: connected successfully "auth_users"
info: 2022-11-13 17:10:08 => Redis: connected successfully "messengerSession"
info: 2022-11-13 17:10:08 => 'Socket server running successfully PORT:3334'
info: 2022-11-13 17:11:03 => Redis: connected successfully "auth_users"
info: 2022-11-13 17:11:03 => Redis: connected successfully "messengerSession"
info: 2022-11-13 17:11:03 => 'Socket server running successfully PORT:3334'
info: 2022-11-13 17:11:23 => Redis: connected successfully "auth_users"
info: 2022-11-13 17:11:23 => Redis: connected successfully "messengerSession"
info: 2022-11-13 17:11:23 => 'Socket server running successfully PORT:3334'
info: 2022-11-13 17:13:17 => Redis: connected successfully "messengerSession"
info: 2022-11-13 17:13:17 => Redis: connected successfully "auth_users"
info: 2022-11-13 17:13:17 => 'Socket server running successfully PORT:3334'
info: 2022-11-13 17:13:40 => Redis: connected successfully "auth_users"
info: 2022-11-13 17:13:40 => Redis: connected successfully "messengerSession"
info: 2022-11-13 17:13:40 => 'Socket server running successfully PORT:3334'
info: 2022-11-13 17:13:45 => SocketIO: created new session c2bf8c16-4d46-4792-8477-168206a5ed09 for userId:1d559523-65e2-436c-8e86-8ac1240188d1 
info: 2022-11-13 17:14:09 => Redis: connected successfully "auth_users"
info: 2022-11-13 17:14:09 => Redis: connected successfully "messengerSession"
info: 2022-11-13 17:14:09 => 'Socket server running successfully PORT:3334'
info: 2022-11-13 17:14:11 => SocketIO: created new session f299eb9f-ac3a-4292-b616-0cdd5fce5101 for userId:d6be6fad-3c92-46d3-9c7a-20d887f60871 
info: 2022-11-13 17:14:11 => UserId: "1"; SocketId "FKzBb8l5poX6zx-SAAAB" connected
info: 2022-11-13 17:14:12 => SocketIO: created new session 53d60f30-a374-484b-bef8-d371d2e1a691 for userId:a4a825ea-e95c-44e6-8e0a-d05e6628dd04 
info: 2022-11-13 17:14:12 => UserId: "1"; SocketId "f2BzbE8nc7YLiZcsAAAD" connected
info: 2022-11-13 17:14:12 => Socket "client:sync_app : UserId "1"
info: 2022-11-13 17:16:41 => SocketIO: created new session f80f315a-d317-4f62-bf59-90e08170efaa for userId:6a2a38fd-59d7-4ec8-96f4-4f9d99bc3a64 
info: 2022-11-13 17:16:41 => UserId: "1"; SocketId "tDkkdJ1WYC9bctCUAAAF" connected
info: 2022-11-13 17:16:41 => Socket "client:sync_app : UserId "1"
info: 2022-11-13 17:16:44 => SocketIO: created new session 2cd90565-84da-497e-a7db-8b61e4ef700a for userId:a64462de-4b68-4fdb-8a8e-a4a6ed0cf8a3 
info: 2022-11-13 17:16:44 => UserId: "1"; SocketId "SllcPPA_AcPzhjTxAAAH" connected
info: 2022-11-13 17:16:44 => Socket "client:sync_app : UserId "1"
info: 2022-11-13 17:19:42 => SocketIO: created new session 07cb24b6-26c8-47e4-aae9-b8356add658c for userId:3b299d4e-9560-49f4-9bf7-a2045d9b4ad5 
info: 2022-11-13 17:19:42 => UserId: "1"; SocketId "2ATyFhtdL_t3d5SEAAAJ" connected
info: 2022-11-13 17:19:42 => Socket "client:sync_app : UserId "1"
info: 2022-11-13 17:19:45 => SocketIO: created new session ef0c4676-9f44-4423-a4ff-e3752277ee59 for userId:a593d722-bf44-4def-a401-ea9429f97b5b 
info: 2022-11-13 17:19:45 => UserId: "1"; SocketId "HO_XS52UgOiJjOJ0AAAL" connected
info: 2022-11-13 17:19:45 => Socket "client:sync_app : UserId "1"
info: 2022-11-13 17:20:32 => SocketIO: created new session f22387fa-9619-4af0-989b-e4681a6d688e for userId:130ae75c-a079-4cf6-aa27-1f0ef03b6d32 
info: 2022-11-13 17:20:32 => UserId: "1"; SocketId "HtTu-61-DZJGnz1OAAAN" connected
info: 2022-11-13 17:20:32 => Socket "client:sync_app : UserId "1"
info: 2022-11-13 17:23:25 => Redis: connected successfully "messengerSession"
info: 2022-11-13 17:23:25 => Redis: connected successfully "auth_users"
info: 2022-11-13 17:23:25 => 'Socket server running successfully PORT:3334'
info: 2022-11-13 17:23:25 => SocketIO: created new session f002a07f-4b91-4a7b-8c7b-0a17338e5a10 for userId:681b75fe-8609-43a0-b29d-754cdbed0ad4 
info: 2022-11-13 17:23:25 => UserId: "1"; SocketId "M7y5S6IBncXMqz_JAAAB" connected
info: 2022-11-13 17:23:28 => SocketIO: created new session adfb3bb6-5798-453e-afc1-64d8276721a2 for userId:45922567-99b0-47d7-9dbc-f5183a9d6547 
info: 2022-11-13 17:23:28 => UserId: "1"; SocketId "8hgb6qZlmdF56WdxAAAD" connected
info: 2022-11-13 17:23:28 => Socket "client:sync_app : UserId "1"
info: 2022-11-13 17:24:02 => Redis: connected successfully "messengerSession"
info: 2022-11-13 17:24:02 => Redis: connected successfully "auth_users"
info: 2022-11-13 17:24:02 => 'Socket server running successfully PORT:3334'
info: 2022-11-13 17:24:02 => SocketIO: created new session 94e99b91-b1c9-445c-a73a-b5b9095d076a for userId:d485b382-803b-42ea-b6c1-e6d3ea7f9318 
info: 2022-11-13 17:24:02 => UserId: "1"; SocketId "0XlZecWFkvoG1SHWAAAB" connected
info: 2022-11-13 17:24:05 => SocketIO: created new session db3b044b-c8b5-4eae-a824-737fcaf078f2 for userId:07642239-6b27-4b7a-abc0-2b7165577bbe 
info: 2022-11-13 17:24:05 => UserId: "1"; SocketId "IfrPMHpspblDicm4AAAD" connected
info: 2022-11-13 17:24:05 => Socket "client:sync_app : UserId "1"
info: 2022-11-13 17:25:52 => Redis: connected successfully "auth_users"
info: 2022-11-13 17:25:52 => Redis: connected successfully "messengerSession"
info: 2022-11-13 17:25:52 => 'Socket server running successfully PORT:3334'
info: 2022-11-13 17:25:53 => SocketIO: created new session b3e4a693-51b8-4216-a8e0-b655fda66978 for userId:1d08b765-2a6a-45e4-b415-8ce32b9f713b 
info: 2022-11-13 17:25:53 => UserId: "1"; SocketId "P-onKP16kbn9oozHAAAB" connected
info: 2022-11-13 17:26:23 => SocketIO: created new session f9d6ec4a-97fe-4726-ae49-c0e4e7868944 for userId:af49457a-17f9-4654-a898-f2786ffb4138 
info: 2022-11-13 17:26:23 => UserId: "1"; SocketId "eamxpjGw-RYAiUVdAAAD" connected
info: 2022-11-13 17:26:23 => Socket "client:sync_app : UserId "1"
info: 2022-11-13 17:30:59 => Redis: connected successfully "auth_users"
info: 2022-11-13 17:30:59 => Redis: connected successfully "messengerSession"
info: 2022-11-13 17:30:59 => 'Socket server running successfully PORT:3334'
info: 2022-11-13 17:30:59 => SocketIO: created new session f1e63670-d62a-4df1-86be-399a62378bba for userId:ed9bd364-a124-4839-be21-3ecff4316037 
info: 2022-11-13 17:30:59 => UserId: "1"; SocketId "vpua1wMux2J0rclvAAAB" connected
info: 2022-11-13 17:39:40 => Redis: connected successfully "auth_users"
info: 2022-11-13 17:39:40 => Redis: connected successfully "messengerSession"
info: 2022-11-13 17:39:40 => 'Socket server running successfully PORT:3334'
info: 2022-11-13 17:39:40 => SocketIO: created new session 2d8a9115-f768-422c-b12c-0e893019d26e for userId:0116fdbf-859b-460c-965c-6f94095cadfd 
info: 2022-11-13 17:39:40 => UserId: "1"; SocketId "lK5grYxAxSQbuWoJAAAB" connected
info: 2022-11-13 17:39:51 => SocketIO: created new session f6bd1602-405d-452e-b91f-1c971c2d99b4 for userId:f7b4b5e5-a3c8-49c7-9de4-7eb8750471ce 
info: 2022-11-13 17:39:51 => UserId: "1"; SocketId "j9DfdTACSkvyNJ6vAAAD" connected
info: 2022-11-13 17:39:51 => Socket "client:sync_app : UserId "1"
info: 2022-11-13 17:40:52 => SocketIO: created new session 8723e3c1-353b-472a-84c8-788a4cf47fce for userId:3d96048e-3ee1-4a99-b5a0-287b6d5f0298 
info: 2022-11-13 17:40:52 => UserId: "1"; SocketId "el_lF8fiIYrQp5GuAAAF" connected
info: 2022-11-13 17:40:52 => Socket "client:sync_app : UserId "1"
info: 2022-11-14 05:53:44 => SocketIO: created new session 4f87d9aa-6142-49b5-98cb-d5ee55db5b76 for userId:3d74c706-ddc6-42db-8f4d-c5f605090599 
info: 2022-11-14 05:53:44 => UserId: "1"; SocketId "zfE8JU8JqhxsLvmZAAAH" connected
